2015-05-25T21:42:37+00:00 DEBUG (7): base
2015-05-25T21:42:37+00:00 DEBUG (7): 0 images to process
2015-05-25T21:42:37+00:00 DEBUG (7): Processing image 1 of 0
2015-05-25T21:42:37+00:00 DEBUG (7): File /var/www/html/magento/media/catalog/product/image.jpg has been already uploaded
2015-05-25T21:42:37+00:00 DEBUG (7): Resized (50x) file /var/www/html/magento/media/catalog/product/image.jpg has been already uploaded
2015-05-25T21:42:37+00:00 DEBUG (7): Resized (56x) file /var/www/html/magento/media/catalog/product/image.jpg has been already uploaded
2015-05-25T21:42:37+00:00 DEBUG (7): Resized (75x75) file /var/www/html/magento/media/catalog/product/image.jpg has been already uploaded
2015-05-25T21:42:37+00:00 DEBUG (7): Resized (75x) file /var/www/html/magento/media/catalog/product/image.jpg has been already uploaded
2015-05-25T21:42:37+00:00 DEBUG (7): Resized (76x) file /var/www/html/magento/media/catalog/product/image.jpg has been already uploaded
2015-05-25T21:42:37+00:00 DEBUG (7): Resized (85x) file /var/www/html/magento/media/catalog/product/image.jpg has been already uploaded
2015-05-25T21:42:37+00:00 DEBUG (7): Resized (100x100) file /var/www/html/magento/media/catalog/product/image.jpg has been already uploaded
2015-05-25T21:42:37+00:00 DEBUG (7): Resized (113x113) file /var/www/html/magento/media/catalog/product/image.jpg has been already uploaded
2015-05-25T21:42:37+00:00 DEBUG (7): Resized (125x125) file /var/www/html/magento/media/catalog/product/image.jpg has been already uploaded
2015-05-25T21:42:37+00:00 DEBUG (7): Resized (125x) file /var/www/html/magento/media/catalog/product/image.jpg has been already uploaded
2015-05-25T21:42:37+00:00 DEBUG (7): Resized (135x) file /var/www/html/magento/media/catalog/product/image.jpg has been already uploaded
2015-05-25T21:42:37+00:00 DEBUG (7): Resized (265x) file /var/www/html/magento/media/catalog/product/image.jpg has been already uploaded
2015-05-25T21:42:37+00:00 DEBUG (7): Resized (1800x) file /var/www/html/magento/media/catalog/product/image.jpg has been already uploaded
2015-05-25T21:42:37+00:00 DEBUG (7): Resized (210x) file /var/www/html/magento/media/catalog/product/image.jpg has been already uploaded
2015-05-25T21:42:37+00:00 DEBUG (7): Processing image 2 of 0
2015-05-25T21:42:37+00:00 DEBUG (7): File /var/www/html/magento/media/catalog/product/small_image.jpg has been already uploaded
2015-05-25T21:42:37+00:00 DEBUG (7): Resized (50x) file /var/www/html/magento/media/catalog/product/small_image.jpg has been already uploaded
2015-05-25T21:42:37+00:00 DEBUG (7): Resized (56x) file /var/www/html/magento/media/catalog/product/small_image.jpg has been already uploaded
2015-05-25T21:42:37+00:00 DEBUG (7): Resized (75x75) file /var/www/html/magento/media/catalog/product/small_image.jpg has been already uploaded
2015-05-25T21:42:37+00:00 DEBUG (7): Resized (75x) file /var/www/html/magento/media/catalog/product/small_image.jpg has been already uploaded
2015-05-25T21:42:37+00:00 DEBUG (7): Resized (76x) file /var/www/html/magento/media/catalog/product/small_image.jpg has been already uploaded
2015-05-25T21:42:37+00:00 DEBUG (7): Resized (85x) file /var/www/html/magento/media/catalog/product/small_image.jpg has been already uploaded
2015-05-25T21:42:37+00:00 DEBUG (7): Resized (100x100) file /var/www/html/magento/media/catalog/product/small_image.jpg has been already uploaded
2015-05-25T21:42:37+00:00 DEBUG (7): Resized (113x113) file /var/www/html/magento/media/catalog/product/small_image.jpg has been already uploaded
2015-05-25T21:42:37+00:00 DEBUG (7): Resized (125x125) file /var/www/html/magento/media/catalog/product/small_image.jpg has been already uploaded
2015-05-25T21:42:38+00:00 DEBUG (7): Resized (125x) file /var/www/html/magento/media/catalog/product/small_image.jpg has been already uploaded
2015-05-25T21:42:38+00:00 DEBUG (7): Resized (135x) file /var/www/html/magento/media/catalog/product/small_image.jpg has been already uploaded
2015-05-25T21:42:38+00:00 DEBUG (7): Resized (265x) file /var/www/html/magento/media/catalog/product/small_image.jpg has been already uploaded
2015-05-25T21:42:38+00:00 DEBUG (7): Resized (1800x) file /var/www/html/magento/media/catalog/product/small_image.jpg has been already uploaded
2015-05-25T21:42:38+00:00 DEBUG (7): Resized (210x) file /var/www/html/magento/media/catalog/product/small_image.jpg has been already uploaded
2015-05-25T21:42:38+00:00 DEBUG (7): Processing image 3 of 0
2015-05-25T21:42:38+00:00 DEBUG (7): File /var/www/html/magento/media/catalog/product/thumbnail.jpg has been already uploaded
2015-05-25T21:42:38+00:00 DEBUG (7): Resized (50x) file /var/www/html/magento/media/catalog/product/thumbnail.jpg has been already uploaded
2015-05-25T21:42:38+00:00 DEBUG (7): Resized (56x) file /var/www/html/magento/media/catalog/product/thumbnail.jpg has been already uploaded
2015-05-25T21:42:38+00:00 DEBUG (7): Resized (75x75) file /var/www/html/magento/media/catalog/product/thumbnail.jpg has been already uploaded
2015-05-25T21:42:38+00:00 DEBUG (7): Resized (75x) file /var/www/html/magento/media/catalog/product/thumbnail.jpg has been already uploaded
2015-05-25T21:42:38+00:00 DEBUG (7): Resized (76x) file /var/www/html/magento/media/catalog/product/thumbnail.jpg has been already uploaded
2015-05-25T21:42:38+00:00 DEBUG (7): Resized (85x) file /var/www/html/magento/media/catalog/product/thumbnail.jpg has been already uploaded
2015-05-25T21:42:38+00:00 DEBUG (7): Resized (100x100) file /var/www/html/magento/media/catalog/product/thumbnail.jpg has been already uploaded
2015-05-25T21:42:38+00:00 DEBUG (7): Resized (113x113) file /var/www/html/magento/media/catalog/product/thumbnail.jpg has been already uploaded
2015-05-25T21:42:38+00:00 DEBUG (7): Resized (125x125) file /var/www/html/magento/media/catalog/product/thumbnail.jpg has been already uploaded
2015-05-25T21:42:38+00:00 DEBUG (7): Resized (125x) file /var/www/html/magento/media/catalog/product/thumbnail.jpg has been already uploaded
2015-05-25T21:42:38+00:00 DEBUG (7): Resized (135x) file /var/www/html/magento/media/catalog/product/thumbnail.jpg has been already uploaded
2015-05-25T21:42:38+00:00 DEBUG (7): Resized (265x) file /var/www/html/magento/media/catalog/product/thumbnail.jpg has been already uploaded
2015-05-25T21:42:38+00:00 DEBUG (7): Resized (1800x) file /var/www/html/magento/media/catalog/product/thumbnail.jpg has been already uploaded
2015-05-25T21:42:38+00:00 DEBUG (7): Resized (210x) file /var/www/html/magento/media/catalog/product/thumbnail.jpg has been already uploaded
2015-05-25T21:47:52+00:00 DEBUG (7): base
2015-05-25T21:47:52+00:00 DEBUG (7): 0 images to process
2015-05-25T21:47:52+00:00 DEBUG (7): Processing image 1 of 0
2015-05-25T21:47:52+00:00 DEBUG (7): File /var/www/html/magento/media/catalog/product/image.jpg has been already uploaded
2015-05-25T21:47:52+00:00 DEBUG (7): Resized (50x) file /var/www/html/magento/media/catalog/product/image.jpg has been already uploaded
2015-05-25T21:47:52+00:00 DEBUG (7): Resized (56x) file /var/www/html/magento/media/catalog/product/image.jpg has been already uploaded
2015-05-25T21:47:52+00:00 DEBUG (7): Resized (75x75) file /var/www/html/magento/media/catalog/product/image.jpg has been already uploaded
2015-05-25T21:47:52+00:00 DEBUG (7): Resized (75x) file /var/www/html/magento/media/catalog/product/image.jpg has been already uploaded
2015-05-25T21:47:52+00:00 DEBUG (7): Resized (76x) file /var/www/html/magento/media/catalog/product/image.jpg has been already uploaded
2015-05-25T21:47:52+00:00 DEBUG (7): Resized (85x) file /var/www/html/magento/media/catalog/product/image.jpg has been already uploaded
2015-05-25T21:47:52+00:00 DEBUG (7): Resized (100x100) file /var/www/html/magento/media/catalog/product/image.jpg has been already uploaded
2015-05-25T21:47:52+00:00 DEBUG (7): Resized (113x113) file /var/www/html/magento/media/catalog/product/image.jpg has been already uploaded
2015-05-25T21:47:52+00:00 DEBUG (7): Resized (125x125) file /var/www/html/magento/media/catalog/product/image.jpg has been already uploaded
2015-05-25T21:47:52+00:00 DEBUG (7): Resized (125x) file /var/www/html/magento/media/catalog/product/image.jpg has been already uploaded
2015-05-25T21:47:52+00:00 DEBUG (7): Resized (135x) file /var/www/html/magento/media/catalog/product/image.jpg has been already uploaded
2015-05-25T21:47:52+00:00 DEBUG (7): Resized (265x) file /var/www/html/magento/media/catalog/product/image.jpg has been already uploaded
2015-05-25T21:47:52+00:00 DEBUG (7): Resized (1800x) file /var/www/html/magento/media/catalog/product/image.jpg has been already uploaded
2015-05-25T21:47:52+00:00 DEBUG (7): Resized (210x) file /var/www/html/magento/media/catalog/product/image.jpg has been already uploaded
2015-05-25T21:47:52+00:00 DEBUG (7): Processing image 2 of 0
2015-05-25T21:47:52+00:00 DEBUG (7): File /var/www/html/magento/media/catalog/product/small_image.jpg has been already uploaded
2015-05-25T21:47:52+00:00 DEBUG (7): Resized (50x) file /var/www/html/magento/media/catalog/product/small_image.jpg has been already uploaded
2015-05-25T21:47:52+00:00 DEBUG (7): Resized (56x) file /var/www/html/magento/media/catalog/product/small_image.jpg has been already uploaded
2015-05-25T21:47:52+00:00 DEBUG (7): Resized (75x75) file /var/www/html/magento/media/catalog/product/small_image.jpg has been already uploaded
2015-05-25T21:47:52+00:00 DEBUG (7): Resized (75x) file /var/www/html/magento/media/catalog/product/small_image.jpg has been already uploaded
2015-05-25T21:47:52+00:00 DEBUG (7): Resized (76x) file /var/www/html/magento/media/catalog/product/small_image.jpg has been already uploaded
2015-05-25T21:47:52+00:00 DEBUG (7): Resized (85x) file /var/www/html/magento/media/catalog/product/small_image.jpg has been already uploaded
2015-05-25T21:47:52+00:00 DEBUG (7): Resized (100x100) file /var/www/html/magento/media/catalog/product/small_image.jpg has been already uploaded
2015-05-25T21:47:52+00:00 DEBUG (7): Resized (113x113) file /var/www/html/magento/media/catalog/product/small_image.jpg has been already uploaded
2015-05-25T21:47:52+00:00 DEBUG (7): Resized (125x125) file /var/www/html/magento/media/catalog/product/small_image.jpg has been already uploaded
2015-05-25T21:47:52+00:00 DEBUG (7): Resized (125x) file /var/www/html/magento/media/catalog/product/small_image.jpg has been already uploaded
2015-05-25T21:47:52+00:00 DEBUG (7): Resized (135x) file /var/www/html/magento/media/catalog/product/small_image.jpg has been already uploaded
2015-05-25T21:47:52+00:00 DEBUG (7): Resized (265x) file /var/www/html/magento/media/catalog/product/small_image.jpg has been already uploaded
2015-05-25T21:47:52+00:00 DEBUG (7): Resized (1800x) file /var/www/html/magento/media/catalog/product/small_image.jpg has been already uploaded
2015-05-25T21:47:52+00:00 DEBUG (7): Resized (210x) file /var/www/html/magento/media/catalog/product/small_image.jpg has been already uploaded
2015-05-25T21:47:52+00:00 DEBUG (7): Processing image 3 of 0
2015-05-25T21:47:52+00:00 DEBUG (7): File /var/www/html/magento/media/catalog/product/thumbnail.jpg has been already uploaded
2015-05-25T21:47:53+00:00 DEBUG (7): Resized (50x) file /var/www/html/magento/media/catalog/product/thumbnail.jpg has been already uploaded
2015-05-25T21:47:53+00:00 DEBUG (7): Resized (56x) file /var/www/html/magento/media/catalog/product/thumbnail.jpg has been already uploaded
2015-05-25T21:47:53+00:00 DEBUG (7): Resized (75x75) file /var/www/html/magento/media/catalog/product/thumbnail.jpg has been already uploaded
2015-05-25T21:47:53+00:00 DEBUG (7): Resized (75x) file /var/www/html/magento/media/catalog/product/thumbnail.jpg has been already uploaded
2015-05-25T21:47:53+00:00 DEBUG (7): Resized (76x) file /var/www/html/magento/media/catalog/product/thumbnail.jpg has been already uploaded
2015-05-25T21:47:53+00:00 DEBUG (7): Resized (85x) file /var/www/html/magento/media/catalog/product/thumbnail.jpg has been already uploaded
2015-05-25T21:47:53+00:00 DEBUG (7): Resized (100x100) file /var/www/html/magento/media/catalog/product/thumbnail.jpg has been already uploaded
2015-05-25T21:47:53+00:00 DEBUG (7): Resized (113x113) file /var/www/html/magento/media/catalog/product/thumbnail.jpg has been already uploaded
2015-05-25T21:47:53+00:00 DEBUG (7): Resized (125x125) file /var/www/html/magento/media/catalog/product/thumbnail.jpg has been already uploaded
2015-05-25T21:47:53+00:00 DEBUG (7): Resized (125x) file /var/www/html/magento/media/catalog/product/thumbnail.jpg has been already uploaded
2015-05-25T21:47:53+00:00 DEBUG (7): Resized (135x) file /var/www/html/magento/media/catalog/product/thumbnail.jpg has been already uploaded
2015-05-25T21:47:53+00:00 DEBUG (7): Resized (265x) file /var/www/html/magento/media/catalog/product/thumbnail.jpg has been already uploaded
2015-05-25T21:47:53+00:00 DEBUG (7): Resized (1800x) file /var/www/html/magento/media/catalog/product/thumbnail.jpg has been already uploaded
2015-05-25T21:47:53+00:00 DEBUG (7): Resized (210x) file /var/www/html/magento/media/catalog/product/thumbnail.jpg has been already uploaded
2015-05-25T21:48:14+00:00 DEBUG (7): base
2015-05-25T21:48:14+00:00 DEBUG (7): 0 images to process
2015-05-25T21:48:14+00:00 DEBUG (7): Processing image 1 of 0
2015-05-25T21:48:14+00:00 DEBUG (7): File /var/www/html/magento/media/catalog/product/image.jpg has been already uploaded
2015-05-25T21:48:14+00:00 DEBUG (7): Resized (50x) file /var/www/html/magento/media/catalog/product/image.jpg has been already uploaded
2015-05-25T21:48:14+00:00 DEBUG (7): Resized (56x) file /var/www/html/magento/media/catalog/product/image.jpg has been already uploaded
2015-05-25T21:48:14+00:00 DEBUG (7): Resized (75x75) file /var/www/html/magento/media/catalog/product/image.jpg has been already uploaded
2015-05-25T21:48:14+00:00 DEBUG (7): Resized (75x) file /var/www/html/magento/media/catalog/product/image.jpg has been already uploaded
2015-05-25T21:48:14+00:00 DEBUG (7): Resized (76x) file /var/www/html/magento/media/catalog/product/image.jpg has been already uploaded
2015-05-25T21:48:14+00:00 DEBUG (7): Resized (85x) file /var/www/html/magento/media/catalog/product/image.jpg has been already uploaded
2015-05-25T21:48:14+00:00 DEBUG (7): Resized (100x100) file /var/www/html/magento/media/catalog/product/image.jpg has been already uploaded
2015-05-25T21:48:14+00:00 DEBUG (7): Resized (113x113) file /var/www/html/magento/media/catalog/product/image.jpg has been already uploaded
2015-05-25T21:48:14+00:00 DEBUG (7): Resized (125x125) file /var/www/html/magento/media/catalog/product/image.jpg has been already uploaded
2015-05-25T21:48:14+00:00 DEBUG (7): Resized (125x) file /var/www/html/magento/media/catalog/product/image.jpg has been already uploaded
2015-05-25T21:48:14+00:00 DEBUG (7): Resized (135x) file /var/www/html/magento/media/catalog/product/image.jpg has been already uploaded
2015-05-25T21:48:14+00:00 DEBUG (7): Resized (265x) file /var/www/html/magento/media/catalog/product/image.jpg has been already uploaded
2015-05-25T21:48:14+00:00 DEBUG (7): Resized (1800x) file /var/www/html/magento/media/catalog/product/image.jpg has been already uploaded
2015-05-25T21:48:14+00:00 DEBUG (7): Resized (210x) file /var/www/html/magento/media/catalog/product/image.jpg has been already uploaded
2015-05-25T21:48:14+00:00 DEBUG (7): Processing image 2 of 0
2015-05-25T21:48:14+00:00 DEBUG (7): File /var/www/html/magento/media/catalog/product/small_image.jpg has been already uploaded
2015-05-25T21:48:15+00:00 DEBUG (7): Resized (50x) file /var/www/html/magento/media/catalog/product/small_image.jpg has been already uploaded
2015-05-25T21:48:15+00:00 DEBUG (7): Resized (56x) file /var/www/html/magento/media/catalog/product/small_image.jpg has been already uploaded
2015-05-25T21:48:15+00:00 DEBUG (7): Resized (75x75) file /var/www/html/magento/media/catalog/product/small_image.jpg has been already uploaded
2015-05-25T21:48:15+00:00 DEBUG (7): Resized (75x) file /var/www/html/magento/media/catalog/product/small_image.jpg has been already uploaded
2015-05-25T21:48:15+00:00 DEBUG (7): Resized (76x) file /var/www/html/magento/media/catalog/product/small_image.jpg has been already uploaded
2015-05-25T21:48:15+00:00 DEBUG (7): Resized (85x) file /var/www/html/magento/media/catalog/product/small_image.jpg has been already uploaded
2015-05-25T21:48:15+00:00 DEBUG (7): Resized (100x100) file /var/www/html/magento/media/catalog/product/small_image.jpg has been already uploaded
2015-05-25T21:48:15+00:00 DEBUG (7): Resized (113x113) file /var/www/html/magento/media/catalog/product/small_image.jpg has been already uploaded
2015-05-25T21:48:15+00:00 DEBUG (7): Resized (125x125) file /var/www/html/magento/media/catalog/product/small_image.jpg has been already uploaded
2015-05-25T21:48:15+00:00 DEBUG (7): Resized (125x) file /var/www/html/magento/media/catalog/product/small_image.jpg has been already uploaded
2015-05-25T21:48:15+00:00 DEBUG (7): Resized (135x) file /var/www/html/magento/media/catalog/product/small_image.jpg has been already uploaded
2015-05-25T21:48:15+00:00 DEBUG (7): Resized (265x) file /var/www/html/magento/media/catalog/product/small_image.jpg has been already uploaded
2015-05-25T21:48:15+00:00 DEBUG (7): Resized (1800x) file /var/www/html/magento/media/catalog/product/small_image.jpg has been already uploaded
2015-05-25T21:48:15+00:00 DEBUG (7): Resized (210x) file /var/www/html/magento/media/catalog/product/small_image.jpg has been already uploaded
2015-05-25T21:48:15+00:00 DEBUG (7): Processing image 3 of 0
2015-05-25T21:48:15+00:00 DEBUG (7): File /var/www/html/magento/media/catalog/product/thumbnail.jpg has been already uploaded
2015-05-25T21:48:15+00:00 DEBUG (7): Resized (50x) file /var/www/html/magento/media/catalog/product/thumbnail.jpg has been already uploaded
2015-05-25T21:48:15+00:00 DEBUG (7): Resized (56x) file /var/www/html/magento/media/catalog/product/thumbnail.jpg has been already uploaded
2015-05-25T21:48:15+00:00 DEBUG (7): Resized (75x75) file /var/www/html/magento/media/catalog/product/thumbnail.jpg has been already uploaded
2015-05-25T21:48:15+00:00 DEBUG (7): Resized (75x) file /var/www/html/magento/media/catalog/product/thumbnail.jpg has been already uploaded
2015-05-25T21:48:15+00:00 DEBUG (7): Resized (76x) file /var/www/html/magento/media/catalog/product/thumbnail.jpg has been already uploaded
2015-05-25T21:48:15+00:00 DEBUG (7): Resized (85x) file /var/www/html/magento/media/catalog/product/thumbnail.jpg has been already uploaded
2015-05-25T21:48:15+00:00 DEBUG (7): Resized (100x100) file /var/www/html/magento/media/catalog/product/thumbnail.jpg has been already uploaded
2015-05-25T21:48:15+00:00 DEBUG (7): Resized (113x113) file /var/www/html/magento/media/catalog/product/thumbnail.jpg has been already uploaded
2015-05-25T21:48:15+00:00 DEBUG (7): Resized (125x125) file /var/www/html/magento/media/catalog/product/thumbnail.jpg has been already uploaded
2015-05-25T21:48:15+00:00 DEBUG (7): Resized (125x) file /var/www/html/magento/media/catalog/product/thumbnail.jpg has been already uploaded
2015-05-25T21:48:15+00:00 DEBUG (7): Resized (135x) file /var/www/html/magento/media/catalog/product/thumbnail.jpg has been already uploaded
2015-05-25T21:48:15+00:00 DEBUG (7): Resized (265x) file /var/www/html/magento/media/catalog/product/thumbnail.jpg has been already uploaded
2015-05-25T21:48:15+00:00 DEBUG (7): Resized (1800x) file /var/www/html/magento/media/catalog/product/thumbnail.jpg has been already uploaded
2015-05-25T21:48:15+00:00 DEBUG (7): Resized (210x) file /var/www/html/magento/media/catalog/product/thumbnail.jpg has been already uploaded
